[06/05/2020|19:51:00] Agustina_Zi (Nombre anti-rol. ): 8EF00E8DE99E04FD49A4DF48D4CF95EAEAA9088D
[07/05/2020|20:48:31] Maicol_Inga (subnormal): EEACC9DA0D4E9E5EEFEF55C890489095090DD8AF
[09/05/2020|15:31:45] Marcos_Cerati (Cheats): EC9D8DDD88AEFA449C9884094ECF5EA0C959D9DC
[12/05/2020|09:05:05] Diego_Caballero (BAA.): 804C94ECF9E0D54EFE5CC40C4E94EDF848A4CCEE
[12/05/2020|09:05:20] David_Bertucci (BAA.): 55A8D9EAD4D8D8FDC854AC09889C444D4CA8E90A
[16/05/2020|19:33:13] Dhykhell_CryBaby (Adios): DDE48048E9DD8899C40DE4A84084504EDD0CA494
[17/05/2020|20:27:28] Nahir_Guzman (cheater.): 49A988C9FAC8DFD999FE9C8CE8E4FDDCFF99948A
[20/05/2020|19:01:11] Armando_Paredes (Mamadera): D0DEC4CCE45D5E4ED44AD5044E9E4EDCD5C84995
[24/05/2020|23:34:02] Andrew_Leyton (Bug abuse): C5EC8D0E5DD9DE09CF94C4D854C4E9E4D9899E4A
[28/05/2020|14:43:27] Tekashi_Sixnine (robo de cuenta, y dinero de la misma.): D0DEC4CCE45D5E4ED44AD5044E9E4EDCD5C84995
[29/05/2020|18:06:54] Cristian_Nodal (bug abuse): 45EDCA04F990E88CC4EF89F995C548CF8C5AA8EE
[29/05/2020|23:46:03] Ronaldo_Bahia (te vas a quedas sin internet ahora veneco mugroso): D88C5FD590D9889884C9A8E4DDAE8DDDFCDC4044
[01/06/2020|00:59:18] Mateo_Gonzales (por gracioso te vas ban): 94CE0AA5C899409EFDE0DF5E4EEE495E8C8E445E
[01/06/2020|19:36:30] Agustin_Madrazzo (MNP): EEACC9DA0D4E9E5EEFEF55C890489095090DD8AF
[01/06/2020|20:58:30] Ramiro_Britos (Aimbot, apela en foro.): CAF48EC5CEAE9CF89DDCA88DED98F99C49840DCD
[03/06/2020|02:51:30] Stephanie_Deep (chau): 995E5CD8CADCD88FCAE89EDCACA00DADDC4E49C4
[03/06/2020|21:52:19] Kevin_Valdex (donpetes): EEACC9DA0D4E9E5EEFEF55C890489095090DD8AF
[07/06/2020|02:55:54] Blas_Davis (entonces te baneo, mira que facil jaja): 59FE8AD84CA48580D8EDC0DE4CCC0C8EDFEE595
[07/06/2020|03:51:33] Dushante_Payne (SPAM): F949FD9D8E0DDAEEECCCDF494A9CAAEF8EC9A5AE
[07/06/2020|23:46:24] Frederick_Brooke (pajero): 9F9D4DD9AED4C90C944A94954EDEA0844D4EDFC4
[08/06/2020|19:32:00] Nicolas_Negrete (Uso de cheats.): 4945DECED9CAE99DC5E9449E00898D8DCEAD5CD4
[08/06/2020|19:32:50] Matias_Sompalonga (Uso de cheats.): 8489F0C00AF994E55D0CF899EC985D59D4AE58D4
[08/06/2020|19:36:12] Raymond_Wash (Uso de cheats.): 5909DEF99E4040EEED0AE4ED80FCE9F8D4AE4D95
[08/06/2020|19:39:57] Pablo_Santiani (Uso de cheats.): EEACC9DA0D4E9E5EEFEF55C890489095090DD8AF
[08/06/2020|19:41:23] Agustin_Sompalonga (Uso de cheats.): 8489F0C00AF994E55D0CF899EC985D59D4AE58D4
[08/06/2020|23:45:50] Agustin_Madrazzo (Uso de hacks. MOP): EEACC9DA0D4E9E5EEFEF55C890489095090DD8AF
[09/06/2020|23:41:18] Franco_Chiuminatto (MNP): C94F94E40DD0455D0C84C4AF5CC95D4DD8CA9DF
[10/06/2020|17:10:39] Juancho_Contreras (Vete entonces): D4C448E48D9495EE40994FCE4CAC5CC95DECFEA0
[12/06/2020|16:18:01] Felix_Guzman ([B]ug [A]buser. (Discord)): D0DEC4CCE45D5E4ED44AD5044E9E4EDCD5C84995
[12/06/2020|18:11:09] Brian_Shakur (MNP): 4945DECED9CAE99DC5E9449E00898D8DCEAD5CD4
[12/06/2020|20:35:56] Andrew_Eastwood (Insultos + Flood): 995CE9E9980F4EF90CD549C0808FDECC5CA90E8C
[13/06/2020|04:25:35] Nicolas_Sompalonga (AIOOC): 4945DECED9CAE99DC5E9449E00898D8DCEAD5CD4
[13/06/2020|21:39:07] Ricardo_Sanchez (Abuso de bug (reporte de foro)): D9D4CD499D84D9D4E5EDCC9DEFD5E8AFEC48D4ED
[14/06/2020|00:28:58] Stephanie_Kingston (sospechas de cheater, en observación.): C08DF49DD4AF4894C959A5C8CDDA985C4048A0A0
[14/06/2020|05:46:09] Eric_Yoel (Bueno,andate): E5DC0488044D484AD0954DC849EED44AE998D49E
[14/06/2020|06:13:40] Aiden_Campos (cheater (aimbot - reporte de foro)): D9D4CD499D84D9D4E5EDCC9DEFD5E8AFEC48D4ED
[14/06/2020|18:57:46] Kris_Rojas (Tu lo has pedido): D8ED9EC44C9948C85F5CE058D40884588580D48D
[14/06/2020|20:10:54] Yasuri_Yamiled (subnormal): 8E9CCCED90C4FE9F89EAEED9E48DE0CACEEEEE0D
[15/06/2020|14:15:18] Armando_Paredes (Recapacita...): 4EE8CFE954AECE8500FC0DE45008804DD5EECACF
[16/06/2020|01:34:05] Jasson_Hernades (.): 995E5CD8CADCD88FCAE89EDCACA00DADDC4E49C4
[16/06/2020|04:23:17] Stephanie_Kingston (Cheats. WH. A casita.): C08DF49DD4AF4894C959A5C8CDDA985C4048A0A0
[17/06/2020|01:53:49] Donoso_Maxito (RepairCar Cleo.): EEACC9DA0D4E9E5EEFEF55C890489095090DD8AF
[17/06/2020|05:37:21] Brian_Shakur (Aimbot y quién sabe que más, a casa): 4945DECED9CAE99DC5E9449E00898D8DCEAD5CD4
[18/06/2020|14:38:51] Soy_Luisxd (NAR, 4 veces advertido y no acató): 888C0FE4C9459CD4A8C9FF04989A498ADF448C94
[18/06/2020|21:10:39] Axel_Dascanio (TP y quien sabe que mas): 8DD5DE4EE89CCFC5CCAA9CF8C5EDEE89D44884DE
[18/06/2020|21:45:25] Luis_Andrade (calalte tonto nabo): C4DDC948D8055D54DA8F99FC9440D9849C459400
[18/06/2020|21:45:29] Kabro_Centella (Si asi lo pides): 989C9DD049444EC5840554849D9ACA488C9FD405
[19/06/2020|05:44:38] Brian_Gambino (Estafa.): ADF0E99FE54C9FDD9AD9D09F8FCAD0EE80ACA88
[20/06/2020|06:21:30] Claudio_Olivares (Aimbot): 989A9C9E84EC5CDEA905A9DC9D884A959EDE49D
[21/06/2020|14:59:31] Justin_Estrada (SPAM): CEC8DDE0F98EE85F44E8D04EC54A0998C4D0CA8D
[22/06/2020|00:58:24] Blaz_Gunther (Andate): E0A0CC85ECF8AC4985A8FCF4ECF98888A5FDC9CF
[22/06/2020|20:18:25] Juan_Sif (Uso de cheats): 5D9588F85C0ADFD4DC8F049C8EEC8804EE889D4D
[22/06/2020|21:08:23] Juan_Jimenes (speedhack, te quedas sin internet): EEACC9DA0D4E9E5EEFEF55C890489095090DD8AF
[23/06/2020|07:40:18] Kitsune_Uzumaki (spam): FC0EED854F895C58548D0DE94DE8DECDC88EA88A
[24/06/2020|03:43:24] Camilo_Osborn (Andate): DDCC4DEEA8CEC45DCEED00ECA8AEEFC5CECAADEE
[24/06/2020|22:16:49] Danny_Buestan (cheater (aimbot)): D4F9DD94E404E9EFF4ECDE49CCEDACCADED8E490
[25/06/2020|02:31:27] Lucas_Rechi (BA /dormir en conquista): D08A4ECFEEFD84DFCAC8D4E9AAAEE89DD4488404
[25/06/2020|02:31:35] Brian_Rechi (BA /dormir en conquista): CFCEAEE5CE94DAC4ADD5DEC8D8C88C5EC5E5C8ED
[25/06/2020|02:55:10] Torvald_Shostakov (DM en trabajo): C44CDD0459D48945FFDE9C900D904C9DCD50948E
[25/06/2020|02:56:07] Zurdo_Castano (DM en durante el trabajo): CAA48E08DEC044E5FE90F9F89AA99FC4CDEDFAE
[25/06/2020|03:45:09] Said_Poppa (andate): EAC90E44E88CCADFCCE4585CDE4EA9CF5DFED0CD
[25/06/2020|10:56:24] Ton_Hdz (Uso de cheats): 44355A5834564C393054584655524D4F52584B41
[25/06/2020|16:38:16] Valentino_Traiger (Uso de Cheats.): 995E5CD8CADCD88FCAE89EDCACA00DADDC4E49C4
[25/06/2020|22:47:35] Bryan_Scott (Aimbot.): ADF0E99FE54C9FDD9AD9D09F8FCAD0EE80ACA88
[26/06/2020|19:11:11] Tato_Telapone (Mud, ya avisamos que si es aproposito era ban): CAA48E08DEC044E5FE90F9F89AA99FC4CDEDFAE
[26/06/2020|19:12:51] Ronaldo_Bahia (Uso de aimbot): D88C5FD590D9889884C9A8E4DDAE8DDDFCDC4044
[27/06/2020|03:33:37] Safe_Burgos (Multicuentas (superar límite de 5 cuentas)): E459DEEA9EE88AFC0DC885EF09D4CDC089EDF4C8
[27/06/2020|03:37:45] Alejo_Pavon (Multicuentas.): EEACC9DA0D4E9E5EEFEF55C890489095090DD8AF
[27/06/2020|03:40:46] Brian_Rossi (Multicuentas): ADF0E99FE54C9FDD9AD9D09F8FCAD0EE80ACA88
[27/06/2020|19:40:53] Shawn_Ahr (Auto Aim): 4F8E9A588CEFA8D5048C8ECEDF44AC555A94ACDD
[27/06/2020|20:57:40] Pedro_Valazza (Cheater): 4DF9848FCC9C5CCAD404A40A8984058F90C9959C
[27/06/2020|21:23:23] Alexis_Ouditore (FLOOD): 8A4D9489C40CD98E8C04F4D99DDECDD8C9E5A95C
[27/06/2020|21:41:35] Santi_Yeguez (ahi se te cae el server veneco muerto de hambre): CDEC584CADEACC8E0CF4D980DC999A5D4C8C89CC
[27/06/2020|21:48:01] Facu_Telechea (FLOOD): CAA48E08DEC044E5FE90F9F89AA99FC4CDEDFAE
[28/06/2020|20:32:41] Rick_Dyxon (hacks): CD49DF09FDC0DAA4AAC48F9995D8484F5A894FF5
[28/06/2020|21:17:47] Edward_Castro (BA ): CF48DD40E4A44DDCF9E4C99EDCEE9C55CD9DF9D
[28/06/2020|22:16:38] Anderson_Villamisar (AR TOXICO): D4C98C45E4E4C540CDA98940E49D44ECDC4ECE4C
[30/06/2020|19:33:09] Andrew_Carter (BA): D49C90F445A8D9C499E8FA4C448008E9FCAE405E
[30/06/2020|22:34:13] Sebas_Guti (MNP): DF59C40CE908CCE58A988A8C4AA8884C54F4549C
[01/07/2020|04:58:56] Pablo_Gomez (FLOOD): EEACC9DA0D4E9E5EEFEF55C890489095090DD8AF
[01/07/2020|16:51:42] Hermenegildo_Zapata (FLOOD.): 4F8E9A588CEFA8D5048C8ECEDF44AC555A94ACDD
[01/07/2020|23:09:43] Hoctabio_Garcia (troll (número 0 de móvil)): 84E9CE48DA8AA4E89AFACD0A9C40F9C44AD4FEEC
[02/07/2020|00:01:11] Julian_Ivaleska (Respete): 89C5088A9898D55804CA4899D4FD9D09E5DCC990
[02/07/2020|01:23:46] Ramon_Mendez (cheater (reporte en discord)): 8DE0DED8940A4D0FDDEC904C89D44949FE58D84
[03/07/2020|00:44:15] Santiago_Vaz (insultar staff): 9DE59E48C8F9ED0CAC94E4ECDDD8E859FD8CDCCD
[03/07/2020|02:25:18] Max_Macgog (chau): E48949DEE88F9558ED9AEEEDCDCE489AF4E8D85E
[03/07/2020|05:26:56] Alan_Guzman (cheater (balas infinitas en graff)): 49A988C9FAC8DFD999FE9C8CE8E4FDDCFF99948A
[03/07/2020|21:17:34] Jhonny_Venturas (Tóxico): 445E8FD8C88FFF5889989A998EC8E9044EFF448C
[04/07/2020|01:29:59] Clay_James (Pro Aim y Silent Aim, mas edicion al video para que no se note la prox, besitos.): FFACFD8A8DA44E444EF84CDDF5DE84CEC998D580
[04/07/2020|01:34:24] Julian_Ivaleska (Silent Aim, la proxima edita mejor el video para que no se note bb. Besitos): 89C5088A9898D55804CA4899D4FD9D09E5DCC990
[04/07/2020|02:58:13] Salvatore_Maranzano (.): EEACC9DA0D4E9E5EEFEF55C890489095090DD8AF
[04/07/2020|21:16:56] Pablo_Contreras (Toxicidad, RK, Antirol.): D4C448E48D9495EE40994FCE4CAC5CC95DECFEA0
[05/07/2020|05:00:09] Gabriel_Zavala (no fuel hack): EDE89CE9944AD8D494584AE80F8ADD049DA98D9E
[05/07/2020|23:47:39] Ignacio_Ivaleska (ultima vez): 89C5088A9898D55804CA4899D4FD9D09E5DCC990
[06/07/2020|01:32:17] Santiago_Silva (BA (/dormir)): 9CE59C809EDDC89984EDF949AEF45EDE9D44C499
[06/07/2020|01:33:55] Juan_Catari (BA (/DORMIR)): EEC8F8C54AD94CA9DDE8EE49A948ADCF8ED9C5C0
[07/07/2020|15:50:10] Sebas_Ortega (Estafa.): 5EEE8C4E9494EDCFE99DC94CFE9AEC048D4899C5
[07/07/2020|17:49:28] Emiliano_Achetoni (Insultar al staff- Toxico.): ECF9C854548555C480D4E98E804ED0F08ECF9058
[08/07/2020|01:44:31] Santiago_Sanchez (insultar staff): 4945DECED9CAE99DC5E9449E00898D8DCEAD5CD4
[08/07/2020|20:10:42] Gabriel_David (BA /dormir ): CE09E8EDEF49EE8EFA980C4DDC0EC9AE98CA0D98
[08/07/2020|21:37:43] Reptiliano_Loko (Troll): EEACC9DA0D4E9E5EEFEF55C890489095090DD8AF
[09/07/2020|00:42:33] Zurdo_Castano (Cheater (aimbot)): CAA48E08DEC044E5FE90F9F89AA99FC4CDEDFAE
[09/07/2020|00:48:39] Jaseh_Dwayne (MNP (autoreporte)): 995E5CD8CADCD88FCAE89EDCACA00DADDC4E49C4
[09/07/2020|04:45:01] Jose_Bolla (Uso Silent Aim.): 89C5088A9898D55804CA4899D4FD9D09E5DCC990
[09/07/2020|19:24:23] Soriel_Tocamelo (Hacerse pasar por Administrador): 4945DECED9CAE99DC5E9449E00898D8DCEAD5CD4
[11/07/2020|02:10:15] Jhonathan_Sanchez (Multi cuentas, ya estabas baneado.): 4945DECED9CAE99DC5E9449E00898D8DCEAD5CD4
[11/07/2020|03:22:16] Faustiny_Sanchez (deja de hacerte multicuentas): 4945DECED9CAE99DC5E9449E00898D8DCEAD5CD4
[11/07/2020|03:28:38] Faustiny_Sanch (deja de crearte cuentas): 4945DECED9CAE99DC5E9449E00898D8DCEAD5CD4
[11/07/2020|03:38:39] Brian_Rechi (Uso de AIMBOT.): CFCEAEE5CE94DAC4ADD5DEC8D8C88C5EC5E5C8ED
[11/07/2020|21:13:56] Lorenzo_Bascur (insultar staff): CFCEAEE5CE94DAC4ADD5DEC8D8C88C5EC5E5C8ED
[12/07/2020|01:09:45] Pablo_Gomez (Tóxico): EEACC9DA0D4E9E5EEFEF55C890489095090DD8AF
[12/07/2020|03:29:02] Rodolfo_Azul (insultar staff): 995E5CD8CADCD88FCAE89EDCACA00DADDC4E49C4
[13/07/2020|03:11:26] Claudio_Guzman (MNP): 989A9C9E84EC5CDEA905A9DC9D884A959EDE49D
[13/07/2020|03:58:45] Kevin_Alcaparra (Uso de MNP + WallHack): 588DFDDFAE009E544AE88489AD40E5CA89E45FEA
[13/07/2020|06:31:02] Momashin_Ortiz (Spam de otro server): EEACC9DA0D4E9E5EEFEF55C890489095090DD8AF
[13/07/2020|07:16:50] Damian_Escobar (Insultar staff): CE99C8589FD8F40FE8EE980940C8C5A44D899DEC
[13/07/2020|21:34:04] Aiyden_Jackson (No te hagas multicuentas, espera que termine el ban): D49C90F445A8D9C499E8FA4C448008E9FCAE405E
[13/07/2020|21:39:11] Jhon_Mohon (chau): 54C44949E0F8EEE09AE908ED958CD89999CEACF8
[13/07/2020|21:40:19] Santiago_Matias (chau): E450CE9549ECA4D8CE0A909549D94DCFD8D4C494
[13/07/2020|21:42:04] Franklin_Martinez (Hack nofuel): C98E45049AFEF000ADED9A4C4DE458D4A00E8E4C
[14/07/2020|21:03:14] Rodolfo_Golfo (fly): EA448EE4C49F44E500EA40E98D894844EC8548CA
[14/07/2020|23:11:37] Salvatore_Maranzano (CK2): EEACC9DA0D4E9E5EEFEF55C890489095090DD8AF
[15/07/2020|09:50:28] Josh_Mercury (Uso de hacks, a casa y con el culo adentro, pajero): 598899C545A4C09848C908DF50F09D98D4848498
[15/07/2020|19:35:57] Tony_Rechi (Uso de Aimbot+Multicuenta Brian Rechi.): CFCEAEE5CE94DAC4ADD5DEC8D8C88C5EC5E5C8ED
[15/07/2020|20:04:14] Roman_Olivera (Uso de Aimbot): CA99540A45AFDCA4A58EE0C9D9AFADED9C8DACA9
[16/07/2020|05:10:53] Jorge_Larrata (cheater, chau chau): 44585E4AA95894C9D8AD9DD889A4990ACCD8008C
[16/07/2020|05:17:14] Alejo_Coco (insultar): EEACC9DA0D4E9E5EEFEF55C890489095090DD8AF
[16/07/2020|05:22:39] Sofia_Bustos (spam): 44585E4AA95894C9D8AD9DD889A4990ACCD8008C
[16/07/2020|19:58:34] Sebastian_Melgarejo (Nofuel hack): AAE9CEDFE984D908CDF0AD8D55448ACE98CE4550
[16/07/2020|21:47:54] Jorge_Larrua (cheats,pg,dm,nre,speedhack): 44585E4AA95894C9D8AD9DD889A4990ACCD8008C
[16/07/2020|22:18:10] Matias_Medinaa (troll): 44585E4AA95894C9D8AD9DD889A4990ACCD8008C
[16/07/2020|22:38:25] Kevin_Alcapurga (Cheater): 44585E4AA95894C9D8AD9DD889A4990ACCD8008C
[17/07/2020|17:48:47] Drey_Rojas (BA+DM): D8ED9EC44C9948C85F5CE058D40884588580D48D
[17/07/2020|20:26:05] Gustavo_Rechi (Cheater.): EEACC9DA0D4E9E5EEFEF55C890489095090DD8AF
[18/07/2020|03:12:20] Facu_Yafar (Aimbot): 44585E4AA95894C9D8AD9DD889A4990ACCD8008C
[18/07/2020|03:36:36] Maaru_Colucci (Aimbot): 8DE0DED8940A4D0FDDEC904C89D44949FE58D84
[18/07/2020|07:02:44] Tecla_Farias (cheatero): 44585E4AA95894C9D8AD9DD889A4990ACCD8008C
[18/07/2020|07:38:31] Curtis_James (cheater): 488E898ED98EC8959A5948FAD9DCFC489C9454D9
[18/07/2020|20:24:26] Luisa_Torres (Pete): EF5DAA9E4AC9CDEE09C9D89D9D0A8D9EC8CEA8CD
[19/07/2020|02:54:56] Cristian_Santos (Uso de WH + Aimbot A casa chitero pete): EEACC9DA0D4E9E5EEFEF55C890489095090DD8AF
[19/07/2020|17:49:43] Maken_Osborn (Estafador.): EEACC9DA0D4E9E5EEFEF55C890489095090DD8AF
[19/07/2020|19:41:47] Santiago_Sanchez (DM Masivo.): 4945DECED9CAE99DC5E9449E00898D8DCEAD5CD4
[20/07/2020|00:29:04] Maken_Osborn (Insultos a staff.): EEACC9DA0D4E9E5EEFEF55C890489095090DD8AF
[20/07/2020|02:13:01] Kiriam_Chas (NoFuel): 84AFEADE8D9D89D4E5D544DDCACEDA489E045EA5
[20/07/2020|07:39:35] Leandro_Zarza (BUGABUSE): CAA48E08DEC044E5FE90F9F89AA99FC4CDEDFAE
[20/07/2020|18:01:58] Ray_Dembow (Toxico): DD849E544445C8CDE448A9ED4DE8D958F944E5D4
[21/07/2020|01:53:38] Italo_Vidovich (No Fuel Hack): CEEECCDDDAA84D8C44CD88A945EFD5EA5A45FC8C
[21/07/2020|03:11:06] Tony_Monta (Speed Hack): 588DFDDFAE009E544AE88489AD40E5CA89E45FEA
[21/07/2020|05:12:23] Juancho_Tazo (nombre troll + evadir rol): 4DC45CD509ED4899D8DC00FC9ED4E54CDC4EE848
[21/07/2020|08:01:39] Gustavo_Lerimonti (spam): AC4CDD95FCCD8C8ED8A54DE44AC0955C0EDC99E5
[21/07/2020|08:02:52] Santiago_Schweiitz (spam): F4EEEEFE809C9AEDFDC5DE84DDA949CCEF94CA4F
[21/07/2020|08:06:12] Jota_Corona (insultar al server): CAA48E08DEC044E5FE90F9F89AA99FC4CDEDFAE
[21/07/2020|21:08:39] Carlos_Betancourt (RC (RepairCar HACK)): CAF48EC5CEAE9CF89DDCA88DED98F99C49840DCD
[21/07/2020|21:15:42] Alejo_Coco (NoFuel.cs): EEACC9DA0D4E9E5EEFEF55C890489095090DD8AF
[21/07/2020|21:17:50] Willintong_Chayan (NoFuel.cs): 54CD8C0E8E8884FEADEE958E585C0EA0D8C99989
[21/07/2020|21:36:14] It_Payaso (Troll): E099EC4CEC9CC05DF54DDCCF49FE485409CF8E4F
[22/07/2020|00:19:36] Italo_Fabrizio (NoFuel.cs): CEEECCDDDAA84D8C44CD88A945EFD5EA5A45FC8C
[22/07/2020|05:15:55] Roman_Lizama (SPAM): 89E8C4A9CEC8D4450F98080C8FCEC9ED4444EC48
[22/07/2020|05:18:00] Marcos_Mercy (CHEATER): 44585E4AA95894C9D8AD9DD889A4990ACCD8008C
[22/07/2020|05:22:07] Emanuel_Diaz (CHEATER): 488E898ED98EC8959A5948FAD9DCFC489C9454D9
[22/07/2020|19:48:08] Teorino_Torres (NoFuel (Cheater)): EEACC9DA0D4E9E5EEFEF55C890489095090DD8AF
[22/07/2020|19:55:30] Italo_Maximo (Cheat para reparar vehículos): CEEECCDDDAA84D8C44CD88A945EFD5EA5A45FC8C
[22/07/2020|23:46:24] Andrew_Wayne (La próxima que me insultes vas perma "rolero" ): 88AEF0DDEDC9C44DF8D8E54F9ADD9885C4D94D90
[23/07/2020|02:41:37] Claudio_Claudiano (cheats): 44585E4AA95894C9D8AD9DD889A4990ACCD8008C
[23/07/2020|13:39:43] Lopes_Pablo (SPAM): CAA48E08DEC044E5FE90F9F89AA99FC4CDEDFAE
[23/07/2020|15:10:10] Max_Blake (cheater (TP+Repaircar)): 8E4FC5CD49DD4AE4EC9A00C8F489EDEC0A48498C
[23/07/2020|19:31:49] Pepito_Cruz (cheater wh (reporte de discord)): F8CF9F4E9DECC554C89CDD05E4FA9C4D48FD08C5
[23/07/2020|21:51:31] Yarmak_Pingote (TK,DM,PG): EEACC9DA0D4E9E5EEFEF55C890489095090DD8AF
[24/07/2020|02:42:50] Santiago_Sanchez (Car Jacking): 4945DECED9CAE99DC5E9449E00898D8DCEAD5CD4
[24/07/2020|02:57:25] Vodka_Beza (Demear verdes): 4C58404A9DD8D5FEE90800CCC0D9C99AA9DFAE84
[24/07/2020|06:27:06] Matute_Flores (1 PG2): CAA48E08DEC044E5FE90F9F89AA99FC4CDEDFAE
[24/07/2020|07:04:32] Facu_Telechea (Aimbot): F8CF9F4E9DECC554C89CDD05E4FA9C4D48FD08C5
[24/07/2020|09:57:56] Camilo_Valencia (a casa cheater): F8CF9F4E9DECC554C89CDD05E4FA9C4D48FD08C5
[25/07/2020|03:26:19] Pablo_Escobarr (MUR fuiste avisado.): EEACC9DA0D4E9E5EEFEF55C890489095090DD8AF
[25/07/2020|12:32:11] Casper_Chorro (bA): CAA48E08DEC044E5FE90F9F89AA99FC4CDEDFAE
[25/07/2020|12:32:13] Alex_Cremento (bA): F8CF9F4E9DECC554C89CDD05E4FA9C4D48FD08C5
