[23/07/2020|13:51:58] [Dudas] {F7F7F7}Jugador Gavin Short (3): (( todos lso trabajos dan igual? ))
[23/07/2020|13:52:52] [Dudas] {F7F7F7}Jugador Donna Duncan (8): (( por que no se me carga el camion ))
[23/07/2020|13:52:54] [Dudas] {F7F7F7}Jugador Abigail Underwood (11): (( cuanto da minero? ))
[23/07/2020|13:52:59] [Dudas] {F7F7F7}Jugador Molly Payne (22): (( como doy dinero ))
[23/07/2020|13:53:03] [Dudas] {F7F7F7}Jugador Victor Robertson (28): (( como se pica ))
[23/07/2020|13:53:14] [Dudas] {F7F7F7}Jugador Leah Randall (45): (( como doy dinero ))
[23/07/2020|13:53:30] [Dudas] {F7F7F7}Jugador Molly Payne (22): (( cual es el foro ))
[23/07/2020|13:53:33] [Dudas] {F7F7F7}Jugador Jake Marshall (25): (( se puede reportar por insultos? ))
[23/07/2020|13:53:33] [Dudas] {F7F7F7}Jugador Zoe Graham (26): (( como doy dinero ))
[23/07/2020|13:53:34] [Dudas] {F7F7F7}Jugador Rebecca Watson (27): (( se puede reportar por insultos? ))
[23/07/2020|13:53:51] [Dudas] {F7F7F7}Jugador Oliver Russell (52): (( como doy dinero ))
[23/07/2020|13:54:04] [Dudas] {F7F7F7}Jugador Jake Marshall (25): (( como se pica ))
[23/07/2020|13:54:07] [Dudas] {F7F7F7}Jugador Megan Poole (29): (( como invito a banda ))
[23/07/2020|13:54:14] [Dudas] {F7F7F7}Jugador Joshua Gray (31): (( cual es el foro? ))
[23/07/2020|13:54:17] [Dudas] {F7F7F7}Jugador Sean Randall (42): (( porq no se carga el camion ))
[23/07/2020|13:54:23] [Dudas] {F7F7F7}Jugador Christian Underwood (50): (( cual es el foro? ))
[23/07/2020|13:54:35] [Dudas] {F7F7F7}Jugador Molly Payne (22): (( cual es el foro ))
[23/07/2020|13:54:50] [Dudas] {F7F7F7}Jugador Rachel Abraham (38): (( cual es el foro? ))
[23/07/2020|13:54:51] [Dudas] {F7F7F7}Jugador Megan Russell (44): (( cual es el mejor trabajo? ))
[23/07/2020|13:54:53] [Dudas] {F7F7F7}Jugador Kevin Sanderson (47): (( porque no se carga el cmaion? ))
[23/07/2020|13:56:12] [Dudas] {F7F7F7}Jugador Madeleine Butler (53): (( como doy dinero? ))
[23/07/2020|13:56:14] [Dudas] {F7F7F7}Jugador Dan Cornish (5): (( cuando da pescador? ))
[23/07/2020|13:56:15] [Dudas] {F7F7F7}Jugador Cameron Butler (9): (( se puede reportar por insultos? ))
[23/07/2020|13:56:31] [Dudas] {F7F7F7}Jugador Madeleine Edmunds (34): (( cual es el mejor trabajo ))
[23/07/2020|13:56:32] [Dudas] {F7F7F7}Jugador Fiona Graham (32): (( cual es el foro ))
[23/07/2020|13:56:38] [Dudas] {F7F7F7}Jugador Leah Randall (45): (( cual es el foro ))
[23/07/2020|13:57:15] [Dudas] {F7F7F7}Jugador Oliver Russell (52): (( cuanto tarda en cargar el camion? ))
[23/07/2020|13:57:16] [Dudas] {F7F7F7}Jugador Christian Underwood (50): (( cuanto tarda en cargar el camion ))
[23/07/2020|13:57:33] [Dudas] {F7F7F7}Jugador Victor Robertson (28): (( todos los trabajos dan igual ))
[23/07/2020|13:57:34] [Dudas] {F7F7F7}Jugador Lisa Randall (20): (( cual es el foro ))
[23/07/2020|13:57:37] [Dudas] {F7F7F7}Jugador Peter Hamilton (35): (( porq no se carga el camion ))
[23/07/2020|13:57:40] [Dudas] {F7F7F7}Jugador Ella James (33): (( como se pica? ))
[23/07/2020|13:57:44] [Dudas] {F7F7F7}Jugador Sean Randall (42): (( cuanto da minero? ))
[23/07/2020|14:19:31] [Dudas] {F7F7F7}Jugador Lucas Mackenzie (18): (( cuanto tarda en cargar el camion ))
[23/07/2020|14:19:34] [Dudas] {F7F7F7}Jugador Michelle Duncan (6): (( todos lso trabajos dan igual? ))
[23/07/2020|14:19:41] [Dudas] {F7F7F7}Jugador Kylie Duncan (33): (( cuanto tarda en cargar el camion? ))
[23/07/2020|14:19:43] [Dudas] {F7F7F7}Jugador Adam Nash (37): (( Y como le hago para ponerme un avatar en el foro ))
[23/07/2020|14:19:46] [Dudas] {F7F7F7}Jugador Molly Hunter (40): (( Los sapd pueden dejar armas al morir? ))
[23/07/2020|14:19:58] [Dudas] {F7F7F7}Jugador Jennifer Henderson (3): (( cuanto tarda en cargar el camion? ))
[23/07/2020|14:20:07] [Dudas] {F7F7F7}Jugador Audrey Slater (14): (( Alguien sabe porque me aparece que él usuario no existe cuando intentó entrar en él foro? ))
[23/07/2020|14:20:07] [Dudas] {F7F7F7}Jugador Lucas Mackenzie (18): (( un admin? ))
[23/07/2020|14:20:16] [Dudas] {F7F7F7}Jugador Ella Bailey (31): (( cual es el foro? ))
[23/07/2020|14:20:16] [Dudas] {F7F7F7}Jugador Leah Stewart (28): (( cual es el mejor trabajo ))
[23/07/2020|14:20:19] [Dudas] {F7F7F7}Jugador Andrew Skinner (32): (( como invito a banda ))
[23/07/2020|14:20:28] [Dudas] {F7F7F7}Jugador Alexandra Duncan (50): (( como se pica ))
[23/07/2020|14:20:47] [Dudas] {F7F7F7}Jugador Rebecca Mills (43): (( Puedo ver en el foro que casas puedo comprar? ))
[23/07/2020|14:21:37] [Dudas] {F7F7F7}Jugador Rebecca Roberts (48): (( por que no se me carga el camion ))
[23/07/2020|14:21:40] [Dudas] {F7F7F7}Jugador Kylie Duncan (33): (( porq no se carga el camion ))
[23/07/2020|14:21:42] [Dudas] {F7F7F7}Jugador Faith Terry (9): (( cual es el mejor trabajo ))
[23/07/2020|14:21:44] [Dudas] {F7F7F7}Jugador Andrew Burgess (24): (( deseo hablar con un admin ))
[23/07/2020|14:21:50] [Dudas] {F7F7F7}Jugador Keith Chapman (38): (( Los sapd pueden dejar armas al morir? ))
[23/07/2020|14:22:15] [Dudas] {F7F7F7}Jugador Amelia Carr (39): (( Alguien sabe porque me aparece que él usuario no existe cuando intentó entrar en él foro? ))
[23/07/2020|14:22:20] [Dudas] {F7F7F7}Jugador Andrew Skinner (32): (( cual es el mejor trabajo? ))
[23/07/2020|14:22:23] [Dudas] {F7F7F7}Jugador Una Parr (35): (( Y como le hago para ponerme un avatar en el foro ))
[23/07/2020|14:22:28] [Dudas] {F7F7F7}Jugador Keith Chapman (38): (( cuanto da minero? ))
[23/07/2020|14:22:32] [Dudas] {F7F7F7}Jugador Amy Watson (23): (( Esta off el foro? Llevo una hora intentando entrar y no puedo ))
[23/07/2020|14:22:36] [Dudas] {F7F7F7}Jugador Max McGrath (2): (( todos lso trabajos dan igual? ))
[23/07/2020|14:22:50] [Dudas] {F7F7F7}Jugador Amelia Carr (39): (( todos lso trabajos dan igual? ))
[23/07/2020|14:22:52] [Dudas] {F7F7F7}Jugador Molly North (45): (( Alguien sabe porque me aparece que él usuario no existe cuando intentó entrar en él foro? ))
[23/07/2020|14:23:07] [Dudas] {F7F7F7}Jugador Neil Hodges (11): (( Si una persona viene y me mata de la nasa solo por ser de otra banda es dm? ))
[23/07/2020|14:23:08] [Dudas] {F7F7F7}Jugador Max Blake (34): (( cuanto da minero? ))
[23/07/2020|14:23:10] [Dudas] {F7F7F7}Jugador Alexandra Duncan (50): (( Si una persona viene y me mata de la nasa solo por ser de otra banda es dm? ))
[23/07/2020|14:23:25] [Dudas] {F7F7F7}Jugador Gabrielle Hemmings (16): (( como se pica ))
[23/07/2020|14:23:37] [Dudas] {F7F7F7}Jugador Andrew Skinner (32): (( porque no se carga el cmaion? ))
[23/07/2020|14:23:49] [Dudas] {F7F7F7}Jugador Edward Gill (7): (( Como pongo una imagen en una publicacion de el foro? ))
[23/07/2020|14:24:11] [Dudas] {F7F7F7}Jugador Kylie Duncan (33): (( como se pica ))
[23/07/2020|14:24:25] [Dudas] {F7F7F7}Jugador Molly Hunter (40): (( cuanto da minero? ))
[23/07/2020|14:24:29] [Dudas] {F7F7F7}Jugador Molly North (47): (( Como pongo una imagen en una publicacion de el foro? ))
[23/07/2020|14:24:30] [Dudas] {F7F7F7}Jugador Christopher Reid (42): (( Esta off el foro? Llevo una hora intentando entrar y no puedo ))
[23/07/2020|14:24:35] [Dudas] {F7F7F7}Jugador Jennifer James (8): (( como doy dinero? ))
[23/07/2020|14:24:40] [Dudas] {F7F7F7}Jugador Emily Lyman (25): (( todos los trabajos dan igual ))
[23/07/2020|14:24:48] [Dudas] {F7F7F7}Jugador Gabrielle Hemmings (16): (( como invito a alguien a mi banda ))
[23/07/2020|14:24:59] [Dudas] {F7F7F7}Jugador Rebecca Roberts (48): (( un admin? ))
[23/07/2020|14:25:18] [Dudas] {F7F7F7}Jugador Keith Chapman (38): (( cual es el mejor trabajo? ))
[23/07/2020|14:25:25] [Dudas] {F7F7F7}Jugador Gavin MacLeod (41): (( hola? ))
[23/07/2020|14:25:33] [Dudas] {F7F7F7}Jugador Wendy Mackay (19): (( Y como le hago para ponerme un avatar en el foro ))
[23/07/2020|14:25:40] [Dudas] {F7F7F7}Jugador Hannah Anderson (44): (( cual es el foro? ))
[23/07/2020|14:25:48] [Dudas] {F7F7F7}Jugador Max McGrath (5): (( cuanto da camionero? ))
[23/07/2020|14:25:51] [Dudas] {F7F7F7}Jugador Carl Abraham (36): (( un admin? ))
[23/07/2020|14:25:51] [Dudas] {F7F7F7}Jugador Una Parr (35): (( Alguien sabe porque me aparece que él usuario no existe cuando intentó entrar en él foro? ))
[23/07/2020|14:28:09] [Dudas] {F7F7F7}Jugador Molly North (47): (( se puede reportar por insultos? ))
[23/07/2020|14:28:14] [Dudas] {F7F7F7}Jugador John Rees (26): (( deseo hablar con un admin ))
[23/07/2020|14:28:26] [Dudas] {F7F7F7}Jugador Audrey Slater (14): (( Puedo ver en el foro que casas puedo comprar? ))
[23/07/2020|14:29:10] [Dudas] {F7F7F7}Jugador Colin Hunter (29): (( se puede reportar por insultos? ))
[23/07/2020|14:29:15] [Dudas] {F7F7F7}Jugador Faith Terry (9): (( cual es el foro ))
[23/07/2020|14:29:19] [Dudas] {F7F7F7}Jugador Gavin MacLeod (41): (( Los sapd pueden dejar armas al morir? ))
[23/07/2020|14:29:25] [Dudas] {F7F7F7}Jugador John Rees (26): (( cuanto tarda en cargar el camion? ))
[23/07/2020|14:29:27] [Dudas] {F7F7F7}Jugador Robert Scott (21): (( cual es el foro? ))
[23/07/2020|14:29:38] [Dudas] {F7F7F7}Jugador Karen Bell (15): (( cual es el foro? ))
[23/07/2020|14:29:43] [Dudas] {F7F7F7}Jugador Emily Lyman (25): (( como se pica ))
[23/07/2020|14:29:46] [Dudas] {F7F7F7}Jugador Ella Bailey (31): (( cuanto tarda en cargar el camion ))
[23/07/2020|14:29:49] [Dudas] {F7F7F7}Jugador Rebecca Mills (43): (( cuanto da camionero? ))
[23/07/2020|14:29:56] [Dudas] {F7F7F7}Jugador Sue Thomson (10): (( Como cambio mi contraseña? ))
[23/07/2020|14:29:57] [Dudas] {F7F7F7}Jugador Keith Springer (20): (( Disculpen como me postulo osea como abro un tema para poder poner mi info? ))
[23/07/2020|14:30:14] [Dudas] {F7F7F7}Jugador Blake Morgan (27): (( Como cambio mi contraseña? ))
[23/07/2020|14:30:28] [Dudas] {F7F7F7}Jugador Sue Thomson (10): (( como se pica ))
[23/07/2020|14:30:33] [Dudas] {F7F7F7}Jugador Gabrielle Hemmings (16): (( Si compre una casa y no juego hace un buen tiempo sigo teniendo la casa? ))
[23/07/2020|14:30:37] [Dudas] {F7F7F7}Jugador Felicity Smith (17): (( cuando da pescador? ))
[23/07/2020|14:30:42] [Dudas] {F7F7F7}Jugador Rebecca Roberts (48): (( cuanto tarda en cargar el camion? ))
[23/07/2020|14:30:52] [Dudas] {F7F7F7}Jugador Molly Hunter (40): (( cuanto da minero? ))
[23/07/2020|15:05:04] [Dudas] {F7F7F7}Jugador David Berry (1): (( cual es el foro? ))
[23/07/2020|15:05:39] [Dudas] {F7F7F7}Jugador Felicity Roberts (43): (( Como veo la informacion de un objeto? ))
[23/07/2020|15:05:46] [Dudas] {F7F7F7}Jugador Chloe Baker (15): (( Si una persona viene y me mata de la nasa solo por ser de otra banda es dm? ))
[23/07/2020|15:05:49] [Dudas] {F7F7F7}Jugador Emily McDonald (20): (( Puedo ver en el foro que casas puedo comprar? ))
[23/07/2020|15:50:22] [Dudas] {F7F7F7}Jugador Emily Piper (11): (( como se pica ))
[23/07/2020|15:50:25] [Dudas] {F7F7F7}Jugador Abigail Skinner (22): (( Si compre una casa y no juego hace un buen tiempo sigo teniendo la casa? ))
[23/07/2020|15:50:36] [Dudas] {F7F7F7}Jugador Jessica Forsyth (45): (( Alguien sabe porque me aparece que él usuario no existe cuando intentó entrar en él foro? ))
[23/07/2020|15:51:00] [Dudas] {F7F7F7}Jugador Emily Piper (11): (( Hay algún método para cambiar mi procedencia IC? ))
[23/07/2020|15:51:12] [Dudas] {F7F7F7}Jugador Steven Cameron (24): (( cual es el foro ))
[23/07/2020|15:51:17] [Dudas] {F7F7F7}Jugador Liam Marshall (37): (( No hay taxis? ))
[23/07/2020|15:51:24] [Dudas] {F7F7F7}Jugador Stephen Nash (29): (( Necesito ayuda ))
[23/07/2020|15:51:42] [Dudas] {F7F7F7}Jugador Stephanie Cameron (33): (( cuando da pescador? ))
[23/07/2020|15:52:20] [Dudas] {F7F7F7}Jugador Stephanie Cameron (33): (( como invito a banda ))
[23/07/2020|15:52:37] [Dudas] {F7F7F7}Jugador Jacob Hodges (5): (( cual es el mejor trabajo ))
[23/07/2020|15:52:41] [Dudas] {F7F7F7}Jugador Nicola Jones (44): (( cuando da pescador? ))
[23/07/2020|15:53:14] [Dudas] {F7F7F7}Jugador Joanne Butler (42): (( cuanto tarda en cargar el camion? ))
[23/07/2020|15:53:15] [Dudas] {F7F7F7}Jugador Jake Mackenzie (12): (( Los sapd pueden dejar armas al morir? ))
[23/07/2020|15:53:21] [Dudas] {F7F7F7}Jugador Ella Hudson (26): (( un admin? ))
[23/07/2020|15:53:32] [Dudas] {F7F7F7}Jugador Abigail Skinner (22): (( como se pica ))
[23/07/2020|15:53:51] [Dudas] {F7F7F7}Jugador Liam Marshall (37): (( No hay taxis? ))
[23/07/2020|15:54:18] [Dudas] {F7F7F7}Jugador Edward Clark (13): (( cuanto da minero? ))
[23/07/2020|15:54:34] [Dudas] {F7F7F7}Jugador Stephanie Cameron (33): (( como invito a banda ))
[23/07/2020|16:01:13] [Dudas] {F7F7F7}Jugador Adam Johnston (9): (( Me jailearon por un error ))
[23/07/2020|16:01:16] [Dudas] {F7F7F7}Jugador Anthony Gill (11): (( todos los trabajos dan igual ))
[23/07/2020|16:01:26] [Dudas] {F7F7F7}Jugador Rose Fisher (25): (( porque no se carga el cmaion? ))
[23/07/2020|16:01:26] [Dudas] {F7F7F7}Jugador Bernadette MacLeod (1): (( como se pica ))
[23/07/2020|16:01:27] [Dudas] {F7F7F7}Jugador Caroline Piper (31): (( Los sapd pueden dejar armas al morir? ))
[23/07/2020|16:01:27] [Dudas] {F7F7F7}Jugador Simon Dyer (42): (( cuanto da camionero? ))
[23/07/2020|16:01:28] [Dudas] {F7F7F7}Jugador Madeleine Oliver (40): (( porque no se carga el cmaion? ))
[23/07/2020|16:01:48] [Dudas] {F7F7F7}Jugador Michelle Henderson (22): (( un admin? ))
[23/07/2020|16:02:09] [Dudas] {F7F7F7}Jugador Bernadette MacLeod (1): (( hola? ))
[23/07/2020|16:02:17] [Dudas] {F7F7F7}Jugador Rose Fisher (25): (( Si compre una casa y no juego hace un buen tiempo sigo teniendo la casa? ))
[23/07/2020|16:02:17] [Dudas] {F7F7F7}Jugador Phil Wright (28): (( Los sapd pueden dejar armas al morir? ))
[23/07/2020|16:02:18] [Dudas] {F7F7F7}Jugador Gabrielle Fraser (36): (( como doy dinero? ))
[23/07/2020|16:02:20] [Dudas] {F7F7F7}Jugador Donna Lawrence (39): (( En el foro abro como nuevo mensaje, encuesta o notificar ? ))
[23/07/2020|16:02:29] [Dudas] {F7F7F7}Jugador Mary Forsyth (21): (( cual es el foro? ))
[23/07/2020|16:02:37] [Dudas] {F7F7F7}Jugador Samantha Cameron (7): (( cuanto tarda en cargar el camion? ))
[23/07/2020|16:03:01] [Dudas] {F7F7F7}Jugador Bernadette Underwood (12): (( como invito a banda ))
[23/07/2020|16:03:18] [Dudas] {F7F7F7}Jugador Cameron McDonald (14): (( cual es el mejor trabajo ))
[23/07/2020|16:03:27] [Dudas] {F7F7F7}Jugador Gabrielle Hemmings (6): (( Alguien sabe porque me aparece que él usuario no existe cuando intentó entrar en él foro? ))
[23/07/2020|16:03:30] [Dudas] {F7F7F7}Jugador Michael Tucker (34): (( Esta off el foro? Llevo una hora intentando entrar y no puedo ))
[23/07/2020|16:03:32] [Dudas] {F7F7F7}Jugador Caroline Piper (31): (( Como miro cuantos meses tengo en mi cuenta? ))
[23/07/2020|16:03:55] [Dudas] {F7F7F7}Jugador Bernadette MacLeod (1): (( cual es el mejor trabajo ))
[23/07/2020|16:04:09] [Dudas] {F7F7F7}Jugador Ryan Cameron (33): (( Y como le hago para ponerme un avatar en el foro ))
[23/07/2020|16:04:11] [Dudas] {F7F7F7}Jugador Hannah Henderson (29): (( un admin? ))
[23/07/2020|16:04:14] [Dudas] {F7F7F7}Jugador Gabrielle Fraser (36): (( Si una persona viene y me mata de la nasa solo por ser de otra banda es dm? ))
[23/07/2020|16:04:18] [Dudas] {F7F7F7}Jugador Rebecca Hunter (44): (( un admin? ))
[23/07/2020|16:04:32] [Dudas] {F7F7F7}Jugador William Stewart (19): (( hola? ))
[23/07/2020|16:04:55] [Dudas] {F7F7F7}Jugador Keith Wilkins (46): (( un admin? ))
[23/07/2020|16:05:05] [Dudas] {F7F7F7}Jugador Samantha Cameron (7): (( Y como le hago para ponerme un avatar en el foro ))
[23/07/2020|16:05:12] [Dudas] {F7F7F7}Jugador Caroline Bailey (47): (( como invito a alguien a mi banda ))
[23/07/2020|16:05:13] [Dudas] {F7F7F7}Jugador Stewart Arnold (41): (( Si compre una casa y no juego hace un buen tiempo sigo teniendo la casa? ))
[23/07/2020|16:05:41] [Dudas] {F7F7F7}Jugador Lisa Coleman (27): (( Como cambio mi contraseña? ))
[23/07/2020|16:05:55] [Dudas] {F7F7F7}Jugador Evan Paige (10): (( deseo hablar con un admin ))
[23/07/2020|16:06:08] [Dudas] {F7F7F7}Jugador Hannah Henderson (29): (( como doy dinero? ))
[23/07/2020|16:06:49] [Dudas] {F7F7F7}Jugador Keith Wilkins (46): (( un admin? ))
[23/07/2020|16:07:05] [Dudas] {F7F7F7}Jugador Mary Forsyth (21): (( Estan abiertas las convocatorias Sapd?? ))
[23/07/2020|16:07:10] [Dudas] {F7F7F7}Jugador Stephen Scott (26): (( por que no se me carga el camion ))
[23/07/2020|16:07:40] [Dudas] {F7F7F7}Jugador Caroline Bailey (47): (( como doy dinero? ))
[23/07/2020|16:07:40] [Dudas] {F7F7F7}Jugador Stewart Arnold (41): (( cual es el mejor trabajo ))
[23/07/2020|16:07:43] [Dudas] {F7F7F7}Jugador Stephen Scott (26): (( Como miro cuantos meses tengo en mi cuenta? ))
