[16/12/2019|11:23:59] Servidor iniciado.
[16/12/2019|11:37:58] Servidor iniciado.
[16/12/2019|11:52:22] Servidor iniciado.
[16/12/2019|18:00:33] Servidor iniciado.
[16/12/2019|18:37:55] Servidor iniciado.
[16/12/2019|18:41:33] Servidor detenido.
[21/12/2019|16:26:19] Servidor iniciado.
[21/12/2019|16:34:00] Servidor iniciado.
[21/12/2019|17:17:42] Servidor iniciado.
[21/12/2019|17:21:59] Servidor iniciado.
[21/12/2019|17:55:19] Servidor iniciado.
[21/12/2019|18:09:27] Servidor iniciado.
[21/12/2019|18:26:37] Servidor iniciado.
[21/12/2019|18:28:39] Servidor iniciado.
[22/12/2019|14:27:14] Servidor iniciado.
[22/12/2019|14:52:55] Servidor iniciado.
[22/12/2019|14:58:23] Servidor iniciado.
[22/12/2019|15:01:09] Servidor iniciado.
[22/12/2019|15:19:07] Servidor iniciado.
[22/12/2019|16:25:55] Servidor iniciado.
[22/12/2019|16:53:17] Servidor iniciado.
[22/12/2019|17:16:30] Servidor iniciado.
[22/12/2019|17:21:24] Servidor iniciado.
[22/12/2019|17:29:59] Servidor iniciado.
[22/12/2019|17:54:00] Servidor iniciado.
[22/12/2019|18:07:31] Servidor iniciado.
[22/12/2019|18:10:35] Servidor iniciado.
[22/12/2019|18:12:33] Servidor iniciado.
[22/12/2019|18:17:16] Servidor iniciado.
[08/01/2020|14:03:47] Servidor iniciado.
[08/01/2020|14:22:08] Servidor iniciado.
[08/01/2020|15:02:25] Servidor iniciado.
[11/01/2020|12:42:09] Servidor detenido.
[11/01/2020|12:50:15] Servidor iniciado.
[11/01/2020|12:50:17] Servidor detenido.
[12/01/2020|15:45:49] Servidor iniciado.
[12/01/2020|23:05:56] Servidor iniciado.
[12/01/2020|23:32:41] Servidor iniciado.
[13/01/2020|23:59:54] Servidor iniciado.
[14/01/2020|18:32:44] Servidor iniciado.
[14/01/2020|18:48:12] Servidor detenido.
[14/01/2020|19:22:17] Servidor iniciado.
[14/01/2020|22:52:32] Servidor iniciado.
[14/01/2020|23:12:55] Servidor detenido.
[14/01/2020|23:13:20] Servidor iniciado.
[15/01/2020|00:23:25] Servidor iniciado.
[15/01/2020|00:34:10] Servidor detenido.
[15/01/2020|00:34:35] Servidor iniciado.
[15/01/2020|00:36:00] Servidor detenido.
[15/01/2020|00:36:23] Servidor iniciado.
[15/01/2020|12:57:21] Servidor iniciado.
[17/01/2020|13:51:52] Servidor iniciado.
[17/01/2020|14:02:25] Servidor detenido.
[17/01/2020|14:02:46] Servidor iniciado.
[17/01/2020|14:08:22] Servidor detenido.
[17/01/2020|14:08:39] Servidor iniciado.
[17/01/2020|15:39:12] Servidor iniciado.
[17/01/2020|15:47:06] Servidor detenido.
[18/01/2020|14:57:04] Servidor iniciado.
[18/01/2020|15:10:49] Servidor iniciado.
[18/01/2020|15:57:12] Servidor iniciado.
[18/01/2020|17:01:49] Servidor iniciado.
[20/01/2020|20:01:55] Servidor iniciado.
[20/01/2020|21:01:42] Servidor iniciado.
[20/01/2020|21:09:26] Servidor detenido.
[20/01/2020|21:09:41] Servidor iniciado.
[22/01/2020|16:39:17] Servidor iniciado.
[22/01/2020|16:52:28] Servidor iniciado.
[22/01/2020|17:08:44] Servidor detenido.
[22/01/2020|17:09:06] Servidor iniciado.
[22/01/2020|17:20:17] Servidor detenido.
[22/01/2020|17:20:38] Servidor iniciado.
[04/02/2020|23:26:49] Servidor iniciado.
[04/02/2020|23:38:16] Servidor detenido.
[05/02/2020|00:32:07] Servidor iniciado.
[05/02/2020|00:43:17] Servidor iniciado.
[05/02/2020|00:52:26] Servidor iniciado.
[05/02/2020|01:00:59] Servidor iniciado.
[05/02/2020|01:10:10] Servidor iniciado.
[05/02/2020|01:22:36] Servidor iniciado.
[05/02/2020|12:49:58] Servidor iniciado.
[05/02/2020|13:07:03] Servidor iniciado.
[05/02/2020|18:30:57] Servidor iniciado.
[05/02/2020|20:49:20] Servidor iniciado.
[05/02/2020|20:52:18] Servidor detenido.
[05/02/2020|20:53:31] Servidor iniciado.
[05/02/2020|20:54:27] Servidor iniciado.
[05/02/2020|21:48:47] Servidor iniciado.
[05/02/2020|22:21:01] Servidor iniciado.
[05/02/2020|22:28:37] Servidor detenido.
[05/02/2020|22:28:52] Servidor iniciado.
[05/02/2020|22:31:39] Servidor detenido.
[05/02/2020|22:31:54] Servidor iniciado.
[05/02/2020|22:34:59] Servidor detenido.
[05/02/2020|22:35:12] Servidor iniciado.
[05/02/2020|22:40:12] Servidor iniciado.
[05/02/2020|22:55:15] Servidor iniciado.
[05/02/2020|23:00:43] Servidor detenido.
[05/02/2020|23:30:38] Servidor iniciado.
[05/02/2020|23:39:10] Servidor detenido.
[05/02/2020|23:42:12] Servidor iniciado.
[05/02/2020|23:54:42] Servidor detenido.
[05/02/2020|23:54:56] Servidor iniciado.
[05/02/2020|23:59:54] Servidor detenido.
[06/02/2020|00:00:08] Servidor iniciado.
[06/02/2020|00:04:19] Servidor detenido.
[06/02/2020|00:04:37] Servidor iniciado.
[06/02/2020|00:13:33] Servidor detenido.
[06/02/2020|00:13:46] Servidor iniciado.
[06/02/2020|00:41:01] Servidor iniciado.
[06/02/2020|00:50:20] Servidor iniciado.
[06/02/2020|00:55:05] Servidor detenido.
[12/02/2020|11:05:20] Servidor iniciado.
[12/02/2020|11:46:27] Servidor iniciado.
[12/02/2020|12:04:14] Servidor iniciado.
[12/02/2020|19:31:57] Servidor iniciado.
[12/02/2020|19:41:29] Servidor iniciado.
[12/02/2020|19:48:28] Servidor iniciado.
[12/02/2020|19:49:50] Servidor iniciado.
[12/02/2020|19:51:07] Servidor iniciado.
[12/02/2020|20:24:55] Servidor iniciado.
[12/02/2020|20:45:09] Servidor iniciado.
[13/02/2020|05:54:44] Servidor iniciado.
[13/02/2020|07:41:19] Servidor iniciado.
[13/02/2020|08:03:30] Servidor iniciado.
[13/02/2020|08:17:30] Servidor detenido.
[13/02/2020|08:17:53] Servidor iniciado.
[13/02/2020|08:29:12] Servidor detenido.
[13/02/2020|09:48:51] Servidor iniciado.
[13/02/2020|21:03:50] Servidor iniciado.
[14/02/2020|16:41:11] Servidor iniciado.
[14/02/2020|16:41:37] Servidor detenido.
[14/02/2020|20:58:25] Servidor iniciado.
[14/02/2020|20:58:27] Servidor detenido.
[14/02/2020|21:02:34] Servidor iniciado.
[14/02/2020|21:02:50] Servidor detenido.
[14/02/2020|21:03:00] Servidor iniciado.
[14/02/2020|21:12:32] Servidor detenido.
[14/02/2020|21:12:39] Servidor iniciado.
[14/02/2020|21:16:19] Servidor detenido.
[14/02/2020|21:20:41] Servidor iniciado.
[14/02/2020|21:20:46] Servidor detenido.
[14/02/2020|21:22:01] Servidor iniciado.
[14/02/2020|21:24:24] Servidor detenido.
[14/02/2020|21:25:13] Servidor iniciado.
[14/02/2020|21:25:30] Servidor detenido.
[14/02/2020|21:25:36] Servidor iniciado.
[14/02/2020|21:28:11] Servidor iniciado.
[14/02/2020|21:28:15] Servidor detenido.
[14/02/2020|21:28:44] Servidor iniciado.
[14/02/2020|22:06:31] Servidor detenido.
[14/02/2020|22:06:31] Servidor detenido.
[14/02/2020|22:06:40] Servidor iniciado.
[15/02/2020|00:41:02] Servidor iniciado.
[15/02/2020|00:42:37] Servidor detenido.
[15/02/2020|00:43:08] Servidor iniciado.
[15/02/2020|00:44:24] Servidor detenido.
[15/02/2020|00:44:52] Servidor iniciado.
[15/02/2020|14:15:37] Servidor detenido.
[15/02/2020|14:15:37] Servidor detenido.
[15/02/2020|14:15:59] Servidor iniciado.
[15/02/2020|14:59:44] Servidor detenido.
[15/02/2020|15:01:29] Servidor iniciado.
[15/02/2020|21:50:06] Servidor iniciado.
[15/02/2020|22:16:53] Servidor detenido.
[15/02/2020|22:19:38] Servidor iniciado.
[16/02/2020|10:05:01] Servidor iniciado.
[16/02/2020|10:06:33] Servidor detenido.
[16/02/2020|10:07:15] Servidor iniciado.
[16/02/2020|10:07:23] Servidor detenido.
[16/02/2020|10:08:55] Servidor iniciado.
[16/02/2020|10:10:23] Servidor detenido.
[16/02/2020|10:13:09] Servidor iniciado.
[16/02/2020|10:57:52] Servidor iniciado.
[16/02/2020|10:58:03] Servidor detenido.
[16/02/2020|10:59:13] Servidor detenido.
[16/02/2020|10:59:23] Servidor iniciado.
[16/02/2020|16:01:14] Servidor detenido.
[16/02/2020|16:02:03] Servidor iniciado.
[16/02/2020|16:21:01] Servidor detenido.
[16/02/2020|16:21:36] Servidor iniciado.
[16/02/2020|16:33:03] Servidor detenido.
[16/02/2020|16:33:11] Servidor iniciado.
[16/02/2020|22:45:15] Servidor detenido.
[16/02/2020|22:45:25] Servidor iniciado.
[17/02/2020|15:31:02] Servidor detenido.
[17/02/2020|15:31:13] Servidor iniciado.
[18/02/2020|00:59:30] Servidor detenido.
[18/02/2020|00:59:46] Servidor iniciado.
[18/02/2020|15:56:05] Servidor detenido.
[18/02/2020|15:56:13] Servidor iniciado.
[19/02/2020|05:43:21] Servidor detenido.
[19/02/2020|05:54:54] Servidor iniciado.
[19/02/2020|07:02:48] Servidor detenido.
[19/02/2020|07:02:54] Servidor iniciado.
[19/02/2020|16:53:40] Servidor detenido.
[19/02/2020|16:53:47] Servidor iniciado.
[21/02/2020|11:20:10] Servidor detenido.
[21/02/2020|11:55:43] Servidor iniciado.
[22/02/2020|00:56:35] Servidor detenido.
[22/02/2020|00:56:47] Servidor iniciado.
[22/02/2020|17:43:24] Servidor detenido.
[22/02/2020|17:43:32] Servidor iniciado.
[23/02/2020|17:52:47] Servidor detenido.
[23/02/2020|17:57:02] Servidor iniciado.
[24/02/2020|10:34:31] Servidor detenido.
[24/02/2020|10:40:18] Servidor iniciado.
[24/02/2020|10:42:02] Servidor detenido.
[24/02/2020|10:42:12] Servidor iniciado.
[24/02/2020|18:30:35] Servidor detenido.
[24/02/2020|18:30:49] Servidor iniciado.
[25/02/2020|21:32:43] Servidor detenido.
[27/02/2020|04:27:13] Servidor iniciado.
[27/02/2020|13:04:39] Servidor detenido.
[27/02/2020|13:05:05] Servidor iniciado.
[29/02/2020|04:42:34] Servidor detenido.
[29/02/2020|04:43:06] Servidor iniciado.
[29/02/2020|19:56:01] Servidor detenido.
[29/02/2020|19:56:25] Servidor iniciado.
[03/03/2020|12:48:40] Servidor detenido.
[03/03/2020|12:48:50] Servidor iniciado.
[05/03/2020|14:02:59] Servidor detenido.
[05/03/2020|14:08:14] Servidor iniciado.
[11/03/2020|21:06:03] Servidor detenido.
[11/03/2020|21:10:41] Servidor iniciado.
[20/03/2020|11:03:15] Servidor detenido.
[20/03/2020|11:03:34] Servidor iniciado.
[21/03/2020|18:39:16] Servidor detenido.
[21/03/2020|18:49:12] Servidor iniciado.
[21/03/2020|18:56:15] Servidor detenido.
[21/03/2020|18:57:25] Servidor iniciado.
[21/03/2020|19:55:58] Servidor detenido.
[21/03/2020|19:56:08] Servidor iniciado.
[21/03/2020|23:10:18] Servidor detenido.
[21/03/2020|23:10:31] Servidor iniciado.
[22/03/2020|22:30:02] Servidor detenido.
[22/03/2020|22:32:41] Servidor iniciado.
[23/03/2020|16:20:05] Servidor detenido.
[23/03/2020|17:51:01] Servidor iniciado.
[23/03/2020|23:42:42] Servidor detenido.
[23/03/2020|23:45:02] Servidor iniciado.
[24/03/2020|00:08:48] Servidor detenido.
[24/03/2020|00:08:58] Servidor iniciado.
[24/03/2020|15:44:44] Servidor detenido.
[24/03/2020|15:44:56] Servidor iniciado.
[26/03/2020|17:27:16] Servidor detenido.
[26/03/2020|17:34:21] Servidor iniciado.
[27/03/2020|05:39:22] Servidor iniciado.
[28/03/2020|00:17:29] Servidor detenido.
[28/03/2020|00:17:58] Servidor iniciado.
[30/03/2020|18:09:39] Servidor detenido.
[30/03/2020|18:09:51] Servidor iniciado.
[01/04/2020|14:10:04] Servidor detenido.
[01/04/2020|14:10:16] Servidor iniciado.
[04/04/2020|17:43:08] Servidor detenido.
[04/04/2020|17:43:51] Servidor iniciado.
[05/04/2020|14:28:10] Servidor iniciado.
[09/04/2020|15:49:52] Servidor iniciado.
[09/04/2020|16:13:21] Servidor detenido.
[09/04/2020|16:13:36] Servidor iniciado.
[10/04/2020|23:56:13] Servidor iniciado.
[13/04/2020|18:03:03] Servidor iniciado.
[13/04/2020|18:54:11] Servidor detenido.
[13/04/2020|19:00:04] Servidor iniciado.
[13/04/2020|19:42:50] Servidor iniciado.
[13/04/2020|20:13:53] Servidor detenido.
[13/04/2020|20:13:53] Servidor detenido.
[13/04/2020|20:16:54] Servidor iniciado.
[13/04/2020|20:33:43] Servidor detenido.
[13/04/2020|20:35:44] Servidor iniciado.
[13/04/2020|20:58:10] Servidor iniciado.
[13/04/2020|22:21:34] Servidor detenido.
[13/04/2020|22:39:44] Servidor iniciado.
[13/04/2020|22:40:10] Servidor detenido.
[13/04/2020|22:40:55] Servidor iniciado.
[13/04/2020|22:41:09] Servidor detenido.
[13/04/2020|22:41:57] Servidor iniciado.
[13/04/2020|22:42:26] Servidor detenido.
[13/04/2020|22:42:42] Servidor iniciado.
[14/04/2020|01:01:14] Servidor iniciado.
[14/04/2020|20:08:55] Servidor iniciado.
[14/04/2020|22:48:44] Servidor detenido.
[14/04/2020|22:48:59] Servidor iniciado.
[15/04/2020|20:30:46] Servidor iniciado.
[15/04/2020|22:44:49] Servidor iniciado.
[16/04/2020|15:25:06] Servidor iniciado.
[16/04/2020|15:49:01] Servidor detenido.
[16/04/2020|15:49:13] Servidor iniciado.
[16/04/2020|18:50:43] Servidor iniciado.
[16/04/2020|19:33:47] Servidor iniciado.
[18/04/2020|15:51:30] Servidor detenido.
[18/04/2020|15:51:38] Servidor iniciado.
[18/04/2020|16:05:56] Servidor iniciado.
[18/04/2020|16:46:01] Servidor iniciado.
[18/04/2020|17:56:50] Servidor iniciado.
[18/04/2020|18:19:37] Servidor iniciado.
[18/04/2020|18:25:37] Servidor iniciado.
[19/04/2020|03:13:16] Servidor iniciado.
[19/04/2020|03:13:49] Servidor detenido.
[19/04/2020|03:15:52] Servidor iniciado.
[21/04/2020|21:13:06] Servidor iniciado.
[23/04/2020|17:41:00] Servidor detenido.
[23/04/2020|17:41:46] Servidor iniciado.
[24/04/2020|20:37:23] Servidor detenido.
[24/04/2020|20:37:58] Servidor iniciado.
[25/04/2020|21:24:51] Servidor iniciado.
[28/04/2020|15:58:54] Servidor detenido.
[28/04/2020|16:01:55] Servidor iniciado.
[28/04/2020|20:57:33] Servidor detenido.
[28/04/2020|21:08:47] Servidor iniciado.
[03/05/2020|20:41:01] Servidor detenido.
[03/05/2020|20:41:18] Servidor iniciado.
[03/05/2020|21:54:34] Servidor detenido.
[03/05/2020|22:04:40] Servidor iniciado.
[04/05/2020|18:49:42] Servidor detenido.
[04/05/2020|18:49:50] Servidor iniciado.
[05/05/2020|20:00:34] Servidor iniciado.
[06/05/2020|00:09:00] Servidor detenido.
[06/05/2020|00:09:03] Servidor iniciado.
[08/05/2020|15:12:48] Servidor iniciado.
[10/05/2020|13:18:40] Servidor detenido.
[10/05/2020|13:32:41] Servidor iniciado.
[10/05/2020|13:32:46] Servidor detenido.
[10/05/2020|13:32:51] Servidor iniciado.
[12/05/2020|16:02:01] Servidor detenido.
[12/05/2020|16:02:10] Servidor iniciado.
[14/05/2020|17:06:23] Servidor iniciado.
[16/05/2020|22:20:45] Servidor iniciado.
[17/05/2020|15:52:22] Servidor iniciado.
[17/05/2020|20:20:17] Servidor detenido.
[17/05/2020|20:20:33] Servidor iniciado.
[18/05/2020|14:47:26] Servidor iniciado.
[19/05/2020|18:55:43] Servidor iniciado.
[20/05/2020|14:41:11] Servidor iniciado.
[20/05/2020|20:44:23] Servidor iniciado.
[21/05/2020|21:35:48] Servidor iniciado.
[22/05/2020|15:11:15] Servidor iniciado.
[22/05/2020|20:33:08] Servidor detenido.
[22/05/2020|20:33:20] Servidor iniciado.
[23/05/2020|01:22:44] Servidor iniciado.
[23/05/2020|22:46:04] Servidor detenido.
[23/05/2020|22:46:10] Servidor iniciado.
[23/05/2020|22:47:21] Servidor iniciado.
[24/05/2020|20:54:50] Servidor iniciado.
[25/05/2020|15:42:40] Servidor iniciado.
[25/05/2020|16:37:58] Servidor iniciado.
[25/05/2020|16:38:14] Servidor iniciado.
[25/05/2020|16:38:32] Servidor detenido.
[25/05/2020|16:38:32] Servidor detenido.
[25/05/2020|16:38:35] Servidor iniciado.
[25/05/2020|16:38:50] Servidor iniciado.
[29/05/2020|03:29:40] Servidor iniciado.
[29/05/2020|20:09:23] Servidor detenido.
[29/05/2020|20:09:29] Servidor iniciado.
[31/05/2020|04:50:08] Servidor iniciado.
[31/05/2020|05:02:28] Servidor iniciado.
[31/05/2020|20:55:16] Servidor iniciado.
[01/06/2020|02:12:20] Servidor iniciado.
[01/06/2020|20:05:00] Servidor iniciado.
[01/06/2020|21:23:56] Servidor detenido.
[01/06/2020|21:24:33] Servidor iniciado.
[01/06/2020|21:24:39] Servidor detenido.
[01/06/2020|21:28:19] Servidor iniciado.
[02/06/2020|06:55:25] Servidor detenido.
[02/06/2020|06:55:33] Servidor iniciado.
[02/06/2020|21:26:47] Servidor iniciado.
[03/06/2020|04:46:52] Servidor detenido.
[03/06/2020|04:46:59] Servidor iniciado.
[03/06/2020|05:02:59] Servidor iniciado.
[03/06/2020|05:03:43] Servidor detenido.
[03/06/2020|05:29:37] Servidor iniciado.
[03/06/2020|18:17:10] Servidor detenido.
[03/06/2020|18:17:22] Servidor iniciado.
[03/06/2020|20:30:55] Servidor detenido.
[03/06/2020|20:30:58] Servidor iniciado.
[04/06/2020|02:22:33] Servidor detenido.
[04/06/2020|02:22:34] Servidor iniciado.
[04/06/2020|02:25:34] Servidor iniciado.
[04/06/2020|04:38:37] Servidor iniciado.
[04/06/2020|22:31:06] Servidor detenido.
[04/06/2020|22:31:55] Servidor iniciado.
[05/06/2020|00:17:55] Servidor iniciado.
[05/06/2020|03:51:06] Servidor iniciado.
[05/06/2020|04:39:34] Servidor detenido.
[05/06/2020|04:42:03] Servidor iniciado.
[05/06/2020|04:42:04] Servidor detenido.
[05/06/2020|04:42:45] Servidor iniciado.
[05/06/2020|20:53:38] Servidor iniciado.
[05/06/2020|21:44:30] Servidor iniciado.
[06/06/2020|00:40:09] Servidor iniciado.
[06/06/2020|01:27:44] Servidor detenido.
[06/06/2020|03:06:09] Servidor iniciado.
[06/06/2020|22:51:57] Servidor iniciado.
[07/06/2020|17:36:47] Servidor detenido.
[07/06/2020|17:36:56] Servidor iniciado.
[08/06/2020|14:31:06] Servidor iniciado.
[09/06/2020|02:28:54] Servidor detenido.
[09/06/2020|02:29:04] Servidor iniciado.
[09/06/2020|03:52:32] Servidor iniciado.
[09/06/2020|15:26:38] Servidor iniciado.
[09/06/2020|18:11:33] Servidor iniciado.
[09/06/2020|19:38:08] Servidor iniciado.
[10/06/2020|18:14:19] Servidor detenido.
[10/06/2020|18:18:04] Servidor iniciado.
[10/06/2020|22:08:56] Servidor iniciado.
[10/06/2020|22:18:30] Servidor detenido.
[10/06/2020|22:19:23] Servidor iniciado.
[10/06/2020|22:19:47] Servidor iniciado.
[10/06/2020|22:20:04] Servidor iniciado.
[10/06/2020|22:32:49] Servidor detenido.
[11/06/2020|05:07:17] Servidor iniciado.
[12/06/2020|01:11:53] Servidor iniciado.
[12/06/2020|02:29:16] Servidor iniciado.
[12/06/2020|05:15:49] Servidor iniciado.
[12/06/2020|07:56:31] Servidor iniciado.
[12/06/2020|08:02:59] Servidor iniciado.
[13/06/2020|02:38:59] Servidor iniciado.
[13/06/2020|03:46:23] Servidor iniciado.
[13/06/2020|20:19:51] Servidor iniciado.
[14/06/2020|16:28:28] Servidor detenido.
[14/06/2020|16:28:28] Servidor detenido.
[14/06/2020|16:28:31] Servidor iniciado.
[14/06/2020|16:28:31] Servidor iniciado.
[14/06/2020|20:26:00] Servidor detenido.
[14/06/2020|20:26:00] Servidor detenido.
[14/06/2020|20:26:03] Servidor iniciado.
[14/06/2020|20:26:04] Servidor iniciado.
[14/06/2020|20:59:58] Servidor iniciado.
[14/06/2020|22:54:39] Servidor iniciado.
[15/06/2020|17:44:08] Servidor detenido.
[15/06/2020|17:44:08] Servidor detenido.
[15/06/2020|17:44:11] Servidor iniciado.
[15/06/2020|17:44:13] Servidor iniciado.
[16/06/2020|13:55:40] Servidor iniciado.
[16/06/2020|18:48:28] Servidor iniciado.
[16/06/2020|19:57:07] Servidor detenido.
[16/06/2020|19:57:07] Servidor detenido.
[16/06/2020|19:57:10] Servidor iniciado.
[16/06/2020|19:57:10] Servidor iniciado.
[16/06/2020|19:57:21] Servidor iniciado.
[17/06/2020|18:19:26] Servidor iniciado.
[17/06/2020|18:19:57] Servidor detenido.
[17/06/2020|18:20:14] Servidor iniciado.
[17/06/2020|19:18:59] Servidor iniciado.
[18/06/2020|06:55:01] Servidor iniciado.
[18/06/2020|20:55:34] Servidor detenido.
[18/06/2020|20:55:38] Servidor iniciado.
[19/06/2020|19:55:00] Servidor iniciado.
[20/06/2020|03:08:39] Servidor detenido.
[20/06/2020|03:08:42] Servidor iniciado.
[20/06/2020|03:08:58] Servidor iniciado.
[20/06/2020|04:44:54] Servidor iniciado.
[20/06/2020|23:14:42] Servidor iniciado.
[20/06/2020|23:16:12] Servidor detenido.
[20/06/2020|23:16:16] Servidor iniciado.
[21/06/2020|04:37:40] Servidor iniciado.
[21/06/2020|19:16:19] Servidor iniciado.
[21/06/2020|22:45:14] Servidor iniciado.
[21/06/2020|23:51:46] Servidor iniciado.
[22/06/2020|03:02:31] Servidor iniciado.
[22/06/2020|12:18:24] Servidor iniciado.
[22/06/2020|16:14:09] Servidor iniciado.
[23/06/2020|05:32:36] Servidor iniciado.
[23/06/2020|07:15:30] Servidor iniciado.
[23/06/2020|09:08:27] Servidor iniciado.
[23/06/2020|15:41:19] Servidor detenido.
[23/06/2020|15:41:22] Servidor iniciado.
[23/06/2020|16:05:19] Servidor detenido.
[23/06/2020|16:05:22] Servidor iniciado.
[23/06/2020|21:25:27] Servidor iniciado.
[23/06/2020|21:46:04] Servidor iniciado.
[24/06/2020|02:57:36] Servidor iniciado.
[24/06/2020|03:54:18] Servidor detenido.
[24/06/2020|03:54:21] Servidor iniciado.
[25/06/2020|00:54:36] Servidor iniciado.
[25/06/2020|17:15:39] Servidor detenido.
[25/06/2020|17:15:43] Servidor iniciado.
[25/06/2020|17:33:22] Servidor iniciado.
[26/06/2020|07:28:03] Servidor iniciado.
[26/06/2020|14:47:15] Servidor detenido.
[26/06/2020|14:47:19] Servidor iniciado.
[26/06/2020|15:20:29] Servidor iniciado.
[27/06/2020|01:22:07] Servidor iniciado.
[27/06/2020|18:33:10] Servidor detenido.
[27/06/2020|18:33:13] Servidor iniciado.
[27/06/2020|18:33:13] Servidor detenido.
[27/06/2020|18:33:16] Servidor iniciado.
[27/06/2020|21:09:27] Servidor iniciado.
[28/06/2020|08:21:51] Servidor iniciado.
[28/06/2020|13:48:58] Servidor iniciado.
[28/06/2020|15:13:00] Servidor iniciado.
[28/06/2020|22:55:26] Servidor iniciado.
[29/06/2020|04:37:00] Servidor iniciado.
[29/06/2020|12:04:29] Servidor iniciado.
[29/06/2020|16:19:50] Servidor detenido.
[29/06/2020|16:19:53] Servidor iniciado.
[29/06/2020|18:58:58] Servidor iniciado.
[29/06/2020|21:41:17] Servidor iniciado.
[29/06/2020|21:58:13] Servidor iniciado.
[29/06/2020|22:09:02] Servidor iniciado.
[30/06/2020|02:30:45] Servidor iniciado.
[30/06/2020|03:02:32] Servidor detenido.
[30/06/2020|03:02:36] Servidor iniciado.
[30/06/2020|03:44:42] Servidor iniciado.
[30/06/2020|04:09:17] Servidor iniciado.
[30/06/2020|21:00:54] Servidor iniciado.
[01/07/2020|00:11:20] Servidor iniciado.
[01/07/2020|02:09:40] Servidor detenido.
[01/07/2020|02:09:44] Servidor iniciado.
[01/07/2020|10:34:54] Servidor iniciado.
[01/07/2020|17:07:58] Servidor iniciado.
[01/07/2020|19:51:49] Servidor iniciado.
[02/07/2020|00:16:43] Servidor iniciado.
[02/07/2020|21:47:05] Servidor iniciado.
[02/07/2020|22:29:56] Servidor iniciado.
[03/07/2020|03:10:17] Servidor iniciado.
[03/07/2020|22:10:49] Servidor iniciado.
[04/07/2020|05:39:21] Servidor iniciado.
[04/07/2020|15:40:30] Servidor iniciado.
[05/07/2020|03:41:09] Servidor iniciado.
[06/07/2020|00:22:18] Servidor iniciado.
[06/07/2020|02:18:52] Servidor iniciado.
[06/07/2020|03:57:53] Servidor iniciado.
[06/07/2020|16:51:13] Servidor iniciado.
[07/07/2020|02:59:43] Servidor iniciado.
[07/07/2020|16:28:40] Servidor iniciado.
[08/07/2020|01:20:48] Servidor detenido.
[08/07/2020|01:20:52] Servidor iniciado.
[08/07/2020|19:36:20] Servidor iniciado.
[08/07/2020|19:43:59] Servidor iniciado.
[08/07/2020|20:44:18] Servidor iniciado.
[09/07/2020|01:18:22] Servidor iniciado.
[09/07/2020|04:34:20] Servidor iniciado.
[09/07/2020|05:07:16] Servidor iniciado.
[09/07/2020|17:18:06] Servidor detenido.
[09/07/2020|17:18:10] Servidor iniciado.
[09/07/2020|22:51:08] Servidor iniciado.
[10/07/2020|04:41:29] Servidor iniciado.
[10/07/2020|12:35:33] Servidor iniciado.
[11/07/2020|03:25:33] Servidor iniciado.
[11/07/2020|19:18:07] Servidor detenido.
[11/07/2020|19:18:10] Servidor iniciado.
[11/07/2020|19:20:15] Servidor iniciado.
[11/07/2020|19:43:05] Servidor iniciado.
[11/07/2020|19:43:17] Servidor detenido.
[11/07/2020|19:43:21] Servidor iniciado.
[12/07/2020|04:44:32] Servidor iniciado.
[12/07/2020|09:34:20] Servidor iniciado.
[12/07/2020|20:54:05] Servidor iniciado.
[12/07/2020|21:12:54] Servidor iniciado.
[12/07/2020|22:05:03] Servidor iniciado.
[12/07/2020|22:27:12] Servidor iniciado.
[12/07/2020|23:01:45] Servidor detenido.
[12/07/2020|23:01:48] Servidor iniciado.
[13/07/2020|14:37:35] Servidor iniciado.
[13/07/2020|20:15:23] Servidor iniciado.
[13/07/2020|20:22:46] Servidor iniciado.
[13/07/2020|22:30:50] Servidor iniciado.
[14/07/2020|06:12:46] Servidor detenido.
[14/07/2020|06:12:54] Servidor iniciado.
[14/07/2020|06:20:26] Servidor iniciado.
[14/07/2020|16:39:15] Servidor detenido.
[14/07/2020|16:39:18] Servidor iniciado.
[15/07/2020|04:33:43] Servidor iniciado.
[15/07/2020|11:01:14] Servidor iniciado.
[15/07/2020|23:45:10] Servidor detenido.
[15/07/2020|23:45:14] Servidor iniciado.
[16/07/2020|16:07:17] Servidor iniciado.
[16/07/2020|18:56:05] Servidor iniciado.
[16/07/2020|18:57:01] Servidor detenido.
[16/07/2020|18:57:05] Servidor iniciado.
[16/07/2020|19:01:19] Servidor detenido.
[16/07/2020|19:01:22] Servidor iniciado.
[16/07/2020|19:01:22] Servidor detenido.
[16/07/2020|19:01:26] Servidor iniciado.
[16/07/2020|20:31:01] Servidor detenido.
[16/07/2020|20:31:05] Servidor iniciado.
[17/07/2020|03:48:11] Servidor iniciado.
[17/07/2020|07:51:28] Servidor iniciado.
[17/07/2020|16:25:54] Servidor iniciado.
[17/07/2020|19:25:32] Servidor iniciado.
[18/07/2020|00:21:28] Servidor iniciado.
[18/07/2020|01:03:56] Servidor iniciado.
[18/07/2020|02:30:56] Servidor detenido.
[18/07/2020|02:31:00] Servidor iniciado.
[18/07/2020|15:09:08] Servidor iniciado.
[18/07/2020|18:50:24] Servidor detenido.
[18/07/2020|18:50:28] Servidor iniciado.
[18/07/2020|21:53:54] Servidor iniciado.
[18/07/2020|22:35:41] Servidor iniciado.
[19/07/2020|04:20:10] Servidor iniciado.
[19/07/2020|05:36:16] Servidor detenido.
[19/07/2020|05:36:20] Servidor iniciado.
[19/07/2020|05:52:11] Servidor iniciado.
[19/07/2020|08:52:08] Servidor iniciado.
[20/07/2020|01:22:50] Servidor detenido.
[20/07/2020|01:22:54] Servidor iniciado.
[20/07/2020|01:39:17] Servidor iniciado.
[20/07/2020|15:03:31] Servidor iniciado.
[21/07/2020|00:58:28] Servidor detenido.
[21/07/2020|00:58:32] Servidor iniciado.
[21/07/2020|04:27:01] Servidor detenido.
[21/07/2020|04:27:05] Servidor iniciado.
[21/07/2020|07:51:21] Servidor iniciado.
[21/07/2020|08:30:29] Servidor iniciado.
[21/07/2020|13:57:32] Servidor iniciado.
[21/07/2020|17:10:10] Servidor iniciado.
[21/07/2020|20:23:21] Servidor detenido.
[21/07/2020|20:23:24] Servidor iniciado.
[21/07/2020|21:42:46] Servidor iniciado.
[21/07/2020|22:19:36] Servidor iniciado.
[22/07/2020|00:33:12] Servidor iniciado.
[22/07/2020|17:55:23] Servidor iniciado.
[22/07/2020|21:18:07] Servidor detenido.
[22/07/2020|21:18:11] Servidor iniciado.
[23/07/2020|03:34:38] Servidor iniciado.
[23/07/2020|13:20:17] Servidor iniciado.
[23/07/2020|15:01:50] Servidor iniciado.
[23/07/2020|19:20:45] Servidor detenido.
[23/07/2020|19:20:48] Servidor iniciado.
[23/07/2020|20:43:56] Servidor detenido.
[23/07/2020|20:44:00] Servidor iniciado.
[23/07/2020|23:15:04] Servidor iniciado.
[24/07/2020|01:46:17] Servidor iniciado.
[24/07/2020|02:40:29] Servidor iniciado.
[24/07/2020|03:18:24] Servidor iniciado.
[24/07/2020|05:14:32] Servidor iniciado.
[24/07/2020|12:42:47] Servidor iniciado.
[24/07/2020|17:37:54] Servidor iniciado.
[24/07/2020|17:56:41] Servidor detenido.
[24/07/2020|17:56:45] Servidor iniciado.
[24/07/2020|19:37:50] Servidor iniciado.
[25/07/2020|01:39:28] Servidor iniciado.
[25/07/2020|01:44:41] Servidor iniciado.
[25/07/2020|05:55:44] Servidor iniciado.
[25/07/2020|15:26:50] Servidor iniciado.
[25/07/2020|16:17:16] Servidor iniciado.
[25/07/2020|16:56:27] Servidor iniciado.
[25/07/2020|17:09:28] Servidor iniciado.
[25/07/2020|21:51:59] Servidor iniciado.
[25/07/2020|22:01:01] Servidor iniciado.
[25/07/2020|22:30:58] Servidor iniciado.
[25/07/2020|22:41:40] Servidor iniciado.
[25/07/2020|23:22:53] Servidor iniciado.
[26/07/2020|14:00:35] Servidor iniciado.
[27/07/2020|13:10:34] Servidor iniciado.
[27/07/2020|13:22:04] Servidor detenido.
[27/07/2020|13:35:02] Servidor iniciado.
[27/07/2020|13:40:54] Servidor detenido.
[27/07/2020|15:02:51] Servidor iniciado.
[27/07/2020|15:12:02] Servidor detenido.
[27/07/2020|15:13:39] Servidor iniciado.
[27/07/2020|15:38:31] Servidor detenido.
[27/07/2020|15:40:35] Servidor iniciado.
[27/07/2020|16:02:28] Servidor iniciado.
[31/07/2020|15:42:35] Servidor iniciado.
[02/08/2020|00:45:31] Servidor iniciado.
[02/08/2020|00:56:43] Servidor iniciado.
[02/08/2020|01:08:37] Servidor iniciado.
[02/08/2020|02:03:48] Servidor iniciado.
[02/08/2020|02:26:39] Servidor iniciado.
[02/08/2020|15:54:19] Servidor iniciado.
[03/08/2020|17:00:09] Servidor iniciado.
[03/08/2020|17:00:13] Servidor detenido.
[03/08/2020|17:00:58] Servidor iniciado.
[03/08/2020|17:13:02] Servidor detenido.
[03/08/2020|17:14:41] Servidor iniciado.
[03/08/2020|17:17:20] Servidor detenido.
[03/08/2020|17:17:31] Servidor iniciado.
[03/08/2020|17:22:45] Servidor detenido.
[03/08/2020|17:23:00] Servidor iniciado.
[03/08/2020|17:24:19] Servidor detenido.
[03/08/2020|17:25:27] Servidor iniciado.
[03/08/2020|17:30:36] Servidor detenido.
[03/08/2020|17:31:56] Servidor iniciado.
[03/08/2020|17:36:08] Servidor detenido.
[03/08/2020|17:36:19] Servidor iniciado.
[03/08/2020|17:38:07] Servidor detenido.
[03/08/2020|17:38:56] Servidor iniciado.
[03/08/2020|17:46:56] Servidor detenido.
[03/08/2020|21:07:39] Servidor iniciado.
[03/08/2020|22:30:07] Servidor iniciado.
[03/08/2020|23:01:43] Servidor iniciado.
[03/08/2020|23:14:02] Servidor iniciado.
[03/08/2020|23:22:20] Servidor iniciado.
[03/08/2020|23:55:04] Servidor iniciado.
[04/08/2020|00:12:46] Servidor iniciado.
[04/08/2020|00:21:15] Servidor iniciado.
[04/08/2020|00:48:57] Servidor iniciado.
[04/08/2020|01:02:43] Servidor iniciado.
[04/08/2020|01:16:31] Servidor iniciado.
[04/08/2020|01:24:04] Servidor iniciado.
[04/08/2020|01:45:23] Servidor iniciado.
[04/08/2020|15:45:04] Servidor iniciado.
[04/08/2020|16:12:46] Servidor detenido.
[04/08/2020|16:48:59] Servidor iniciado.
[04/08/2020|20:36:49] Servidor iniciado.
[04/08/2020|20:49:20] Servidor iniciado.
[04/08/2020|21:22:29] Servidor iniciado.
[04/08/2020|21:30:30] Servidor detenido.
[04/08/2020|21:30:55] Servidor iniciado.
<<<<<<< HEAD
=======
[04/08/2020|21:49:24] Servidor iniciado.
[04/08/2020|22:57:11] Servidor iniciado.
<<<<<<< HEAD
>>>>>>> 0e36ff1 (Mapeo de nuevo spawn)
=======
[04/08/2020|23:33:00] Servidor iniciado.
<<<<<<< HEAD
>>>>>>> 7412071 (Spawn random pa kuando haya muxos verdes)
=======
[05/08/2020|00:13:49] Servidor iniciado.
<<<<<<< HEAD
>>>>>>> cf25e66 (Arreglos varios)
=======
[05/08/2020|13:24:28] Servidor iniciado.
[05/08/2020|13:32:41] Servidor iniciado.
[05/08/2020|13:45:16] Servidor iniciado.
[05/08/2020|13:50:46] Servidor detenido.
>>>>>>> 266b816 (Comando /getphone)
